{"C:\\Users\\Oreoluwa\\Documents\\GitHub\\Meal_App\\server\\app.js": {"path":"C:\\Users\\Oreoluwa\\Documents\\GitHub\\Meal_App\\server\\app.js","statementMap":{"0":{"start":{"line":1,"column":16},"end":{"line":1,"column":34}},"1":{"start":{"line":2,"column":12},"end":{"line":2,"column":21}},"2":{"start":{"line":4,"column":0},"end":{"line":4,"column":38}},"3":{"start":{"line":5,"column":0},"end":{"line":5,"column":33}},"4":{"start":{"line":6,"column":0},"end":{"line":6,"column":39}},"5":{"start":{"line":7,"column":0},"end":{"line":7,"column":26}},"6":{"start":{"line":11,"column":17},"end":{"line":11,"column":41}},"7":{"start":{"line":12,"column":19},"end":{"line":12,"column":87}},"8":{"start":{"line":12,"column":42},"end":{"line":12,"column":86}},"9":{"start":{"line":14,"column":4},"end":{"line":14,"column":28}}},"fnMap":{"0":{"name":"(anonymous_0)","decl":{"start":{"line":12,"column":36},"end":{"line":12,"column":37}},"loc":{"start":{"line":12,"column":42},"end":{"line":12,"column":86}},"line":12}},"branchMap":{"0":{"loc":{"start":{"line":11,"column":17},"end":{"line":11,"column":41}},"type":"binary-expr","locations":[{"start":{"line":11,"column":17},"end":{"line":11,"column":33}},{"start":{"line":11,"column":37},"end":{"line":11,"column":41}}],"line":11}},"s":{"0":1,"1":1,"2":1,"3":1,"4":1,"5":1,"6":1,"7":1,"8":1,"9":1},"f":{"0":1},"b":{"0":[1,1]},"_coverageSchema":"43e27e138ebf9cfc5966b082cf9a028302ed4184","hash":"4e8484438a90270082a727138fbc1d7a61134939"}
,"C:\\Users\\Oreoluwa\\Documents\\GitHub\\Meal_App\\server\\middleware\\admin.js": {"path":"C:\\Users\\Oreoluwa\\Documents\\GitHub\\Meal_App\\server\\middleware\\admin.js","statementMap":{"0":{"start":{"line":3,"column":0},"end":{"line":7,"column":1}},"1":{"start":{"line":4,"column":4},"end":{"line":4,"column":72}},"2":{"start":{"line":4,"column":27},"end":{"line":4,"column":72}},"3":{"start":{"line":6,"column":4},"end":{"line":6,"column":11}}},"fnMap":{"0":{"name":"(anonymous_0)","decl":{"start":{"line":3,"column":17},"end":{"line":3,"column":18}},"loc":{"start":{"line":3,"column":43},"end":{"line":7,"column":1}},"line":3}},"branchMap":{"0":{"loc":{"start":{"line":4,"column":4},"end":{"line":4,"column":72}},"type":"if","locations":[{"start":{"line":4,"column":4},"end":{"line":4,"column":72}},{"start":{"line":4,"column":4},"end":{"line":4,"column":72}}],"line":4}},"s":{"0":1,"1":0,"2":0,"3":0},"f":{"0":0},"b":{"0":[0,0]},"_coverageSchema":"43e27e138ebf9cfc5966b082cf9a028302ed4184","hash":"79f95bf2f2202be06921bd40553452f6a97cf27b"}
,"C:\\Users\\Oreoluwa\\Documents\\GitHub\\Meal_App\\server\\middleware\\authmd.js": {"path":"C:\\Users\\Oreoluwa\\Documents\\GitHub\\Meal_App\\server\\middleware\\authmd.js","statementMap":{"0":{"start":{"line":1,"column":0},"end":{"line":1,"column":27}},"1":{"start":{"line":2,"column":12},"end":{"line":2,"column":35}},"2":{"start":{"line":5,"column":0},"end":{"line":16,"column":2}},"3":{"start":{"line":6,"column":18},"end":{"line":6,"column":44}},"4":{"start":{"line":7,"column":4},"end":{"line":7,"column":81}},"5":{"start":{"line":7,"column":16},"end":{"line":7,"column":81}},"6":{"start":{"line":9,"column":4},"end":{"line":15,"column":5}},"7":{"start":{"line":10,"column":22},"end":{"line":10,"column":63}},"8":{"start":{"line":11,"column":8},"end":{"line":11,"column":27}},"9":{"start":{"line":12,"column":8},"end":{"line":12,"column":15}},"10":{"start":{"line":14,"column":8},"end":{"line":14,"column":47}}},"fnMap":{"0":{"name":"(anonymous_0)","decl":{"start":{"line":5,"column":17},"end":{"line":5,"column":18}},"loc":{"start":{"line":5,"column":43},"end":{"line":16,"column":1}},"line":5}},"branchMap":{"0":{"loc":{"start":{"line":7,"column":4},"end":{"line":7,"column":81}},"type":"if","locations":[{"start":{"line":7,"column":4},"end":{"line":7,"column":81}},{"start":{"line":7,"column":4},"end":{"line":7,"column":81}}],"line":7}},"s":{"0":1,"1":1,"2":1,"3":1,"4":1,"5":1,"6":0,"7":0,"8":0,"9":0,"10":0},"f":{"0":1},"b":{"0":[1,0]},"_coverageSchema":"43e27e138ebf9cfc5966b082cf9a028302ed4184","hash":"f83fe6bad4939ab84b143f238e86f0ce8ae86fe1"}
,"C:\\Users\\Oreoluwa\\Documents\\GitHub\\Meal_App\\server\\middleware\\error.js": {"path":"C:\\Users\\Oreoluwa\\Documents\\GitHub\\Meal_App\\server\\middleware\\error.js","statementMap":{"0":{"start":{"line":1,"column":0},"end":{"line":4,"column":3}},"1":{"start":{"line":3,"column":4},"end":{"line":3,"column":46}}},"fnMap":{"0":{"name":"(anonymous_0)","decl":{"start":{"line":1,"column":17},"end":{"line":1,"column":18}},"loc":{"start":{"line":1,"column":47},"end":{"line":4,"column":3}},"line":1}},"branchMap":{},"s":{"0":1,"1":0},"f":{"0":0},"b":{},"_coverageSchema":"43e27e138ebf9cfc5966b082cf9a028302ed4184","hash":"c0fc65cfbd9a166bfe396cb14f7ff66babb1fbbd"}
,"C:\\Users\\Oreoluwa\\Documents\\GitHub\\Meal_App\\server\\models\\meal.js": {"path":"C:\\Users\\Oreoluwa\\Documents\\GitHub\\Meal_App\\server\\models\\meal.js","statementMap":{"0":{"start":{"line":1,"column":12},"end":{"line":1,"column":26}},"1":{"start":{"line":2,"column":17},"end":{"line":2,"column":36}},"2":{"start":{"line":7,"column":19},"end":{"line":10,"column":5}},"3":{"start":{"line":11,"column":4},"end":{"line":11,"column":38}},"4":{"start":{"line":15,"column":19},"end":{"line":26,"column":2}},"5":{"start":{"line":28,"column":13},"end":{"line":28,"column":47}},"6":{"start":{"line":30,"column":0},"end":{"line":30,"column":32}},"7":{"start":{"line":31,"column":0},"end":{"line":31,"column":20}},"8":{"start":{"line":32,"column":0},"end":{"line":32,"column":32}}},"fnMap":{"0":{"name":"validateMeal","decl":{"start":{"line":6,"column":9},"end":{"line":6,"column":21}},"loc":{"start":{"line":6,"column":28},"end":{"line":12,"column":1}},"line":6}},"branchMap":{},"s":{"0":1,"1":1,"2":0,"3":0,"4":1,"5":1,"6":1,"7":1,"8":1},"f":{"0":0},"b":{},"_coverageSchema":"43e27e138ebf9cfc5966b082cf9a028302ed4184","hash":"01912f416dca6157db52305cf6661a57fa406d42"}
,"C:\\Users\\Oreoluwa\\Documents\\GitHub\\Meal_App\\server\\models\\menumod.js": {"path":"C:\\Users\\Oreoluwa\\Documents\\GitHub\\Meal_App\\server\\models\\menumod.js","statementMap":{"0":{"start":{"line":1,"column":17},"end":{"line":1,"column":36}},"1":{"start":{"line":2,"column":21},"end":{"line":2,"column":38}},"2":{"start":{"line":5,"column":19},"end":{"line":8,"column":2}},"3":{"start":{"line":10,"column":13},"end":{"line":10,"column":47}},"4":{"start":{"line":12,"column":0},"end":{"line":12,"column":20}}},"fnMap":{},"branchMap":{},"s":{"0":1,"1":1,"2":1,"3":1,"4":1},"f":{},"b":{},"_coverageSchema":"43e27e138ebf9cfc5966b082cf9a028302ed4184","hash":"9010a8ca25aa8a9da4177195ffc65c5919d0ba16"}
,"C:\\Users\\Oreoluwa\\Documents\\GitHub\\Meal_App\\server\\models\\ordermod.js": {"path":"C:\\Users\\Oreoluwa\\Documents\\GitHub\\Meal_App\\server\\models\\ordermod.js","statementMap":{"0":{"start":{"line":1,"column":17},"end":{"line":1,"column":36}},"1":{"start":{"line":4,"column":20},"end":{"line":40,"column":2}},"2":{"start":{"line":42,"column":14},"end":{"line":42,"column":50}},"3":{"start":{"line":44,"column":0},"end":{"line":44,"column":22}}},"fnMap":{},"branchMap":{},"s":{"0":1,"1":1,"2":1,"3":1},"f":{},"b":{},"_coverageSchema":"43e27e138ebf9cfc5966b082cf9a028302ed4184","hash":"c71f7715c582c8fa91463517501e39d17a0bd847"}
,"C:\\Users\\Oreoluwa\\Documents\\GitHub\\Meal_App\\server\\models\\user.js": {"path":"C:\\Users\\Oreoluwa\\Documents\\GitHub\\Meal_App\\server\\models\\user.js","statementMap":{"0":{"start":{"line":1,"column":0},"end":{"line":1,"column":27}},"1":{"start":{"line":2,"column":12},"end":{"line":2,"column":35}},"2":{"start":{"line":3,"column":12},"end":{"line":3,"column":26}},"3":{"start":{"line":4,"column":17},"end":{"line":4,"column":36}},"4":{"start":{"line":8,"column":19},"end":{"line":13,"column":5}},"5":{"start":{"line":14,"column":4},"end":{"line":14,"column":38}},"6":{"start":{"line":19,"column":19},"end":{"line":45,"column":2}},"7":{"start":{"line":49,"column":0},"end":{"line":54,"column":2}},"8":{"start":{"line":51,"column":18},"end":{"line":51,"column":113}},"9":{"start":{"line":53,"column":4},"end":{"line":53,"column":17}},"10":{"start":{"line":56,"column":0},"end":{"line":61,"column":2}},"11":{"start":{"line":58,"column":18},"end":{"line":58,"column":112}},"12":{"start":{"line":60,"column":4},"end":{"line":60,"column":17}},"13":{"start":{"line":63,"column":13},"end":{"line":63,"column":47}},"14":{"start":{"line":65,"column":0},"end":{"line":65,"column":20}},"15":{"start":{"line":66,"column":0},"end":{"line":66,"column":32}}},"fnMap":{"0":{"name":"validateUser","decl":{"start":{"line":7,"column":9},"end":{"line":7,"column":21}},"loc":{"start":{"line":7,"column":28},"end":{"line":15,"column":3}},"line":7},"1":{"name":"(anonymous_1)","decl":{"start":{"line":49,"column":39},"end":{"line":49,"column":40}},"loc":{"start":{"line":49,"column":51},"end":{"line":54,"column":1}},"line":49},"2":{"name":"(anonymous_2)","decl":{"start":{"line":56,"column":46},"end":{"line":56,"column":47}},"loc":{"start":{"line":56,"column":58},"end":{"line":61,"column":1}},"line":56}},"branchMap":{},"s":{"0":2,"1":2,"2":2,"3":2,"4":0,"5":0,"6":2,"7":2,"8":1,"9":1,"10":2,"11":0,"12":0,"13":2,"14":2,"15":2},"f":{"0":0,"1":1,"2":0},"b":{},"_coverageSchema":"43e27e138ebf9cfc5966b082cf9a028302ed4184","hash":"f0f528d31a6a9463d3a03616163ef7f2194f212a"}
,"C:\\Users\\Oreoluwa\\Documents\\GitHub\\Meal_App\\server\\routes\\auth.js": {"path":"C:\\Users\\Oreoluwa\\Documents\\GitHub\\Meal_App\\server\\routes\\auth.js","statementMap":{"0":{"start":{"line":1,"column":12},"end":{"line":1,"column":26}},"1":{"start":{"line":2,"column":10},"end":{"line":2,"column":27}},"2":{"start":{"line":3,"column":15},"end":{"line":3,"column":32}},"3":{"start":{"line":4,"column":16},"end":{"line":4,"column":34}},"4":{"start":{"line":5,"column":15},"end":{"line":5,"column":31}},"5":{"start":{"line":6,"column":15},"end":{"line":6,"column":40}},"6":{"start":{"line":9,"column":19},"end":{"line":12,"column":5}},"7":{"start":{"line":13,"column":4},"end":{"line":13,"column":37}},"8":{"start":{"line":19,"column":0},"end":{"line":46,"column":3}},"9":{"start":{"line":21,"column":22},"end":{"line":21,"column":40}},"10":{"start":{"line":22,"column":4},"end":{"line":22,"column":69}},"11":{"start":{"line":22,"column":15},"end":{"line":22,"column":69}},"12":{"start":{"line":24,"column":4},"end":{"line":44,"column":5}},"13":{"start":{"line":26,"column":19},"end":{"line":26,"column":64}},"14":{"start":{"line":27,"column":8},"end":{"line":27,"column":77}},"15":{"start":{"line":27,"column":19},"end":{"line":27,"column":77}},"16":{"start":{"line":29,"column":30},"end":{"line":29,"column":84}},"17":{"start":{"line":30,"column":8},"end":{"line":30,"column":86}},"18":{"start":{"line":30,"column":28},"end":{"line":30,"column":86}},"19":{"start":{"line":32,"column":8},"end":{"line":39,"column":9}},"20":{"start":{"line":33,"column":24},"end":{"line":33,"column":48}},"21":{"start":{"line":34,"column":12},"end":{"line":34,"column":28}},"22":{"start":{"line":37,"column":24},"end":{"line":37,"column":55}},"23":{"start":{"line":38,"column":12},"end":{"line":38,"column":28}},"24":{"start":{"line":43,"column":8},"end":{"line":43,"column":17}},"25":{"start":{"line":50,"column":0},"end":{"line":50,"column":24}}},"fnMap":{"0":{"name":"validate","decl":{"start":{"line":8,"column":9},"end":{"line":8,"column":17}},"loc":{"start":{"line":8,"column":23},"end":{"line":14,"column":1}},"line":8},"1":{"name":"(anonymous_1)","decl":{"start":{"line":19,"column":17},"end":{"line":19,"column":18}},"loc":{"start":{"line":19,"column":43},"end":{"line":46,"column":1}},"line":19}},"branchMap":{"0":{"loc":{"start":{"line":22,"column":4},"end":{"line":22,"column":69}},"type":"if","locations":[{"start":{"line":22,"column":4},"end":{"line":22,"column":69}},{"start":{"line":22,"column":4},"end":{"line":22,"column":69}}],"line":22},"1":{"loc":{"start":{"line":27,"column":8},"end":{"line":27,"column":77}},"type":"if","locations":[{"start":{"line":27,"column":8},"end":{"line":27,"column":77}},{"start":{"line":27,"column":8},"end":{"line":27,"column":77}}],"line":27},"2":{"loc":{"start":{"line":30,"column":8},"end":{"line":30,"column":86}},"type":"if","locations":[{"start":{"line":30,"column":8},"end":{"line":30,"column":86}},{"start":{"line":30,"column":8},"end":{"line":30,"column":86}}],"line":30},"3":{"loc":{"start":{"line":32,"column":8},"end":{"line":39,"column":9}},"type":"if","locations":[{"start":{"line":32,"column":8},"end":{"line":39,"column":9}},{"start":{"line":32,"column":8},"end":{"line":39,"column":9}}],"line":32}},"s":{"0":1,"1":1,"2":1,"3":1,"4":1,"5":1,"6":0,"7":0,"8":1,"9":0,"10":0,"11":0,"12":0,"13":0,"14":0,"15":0,"16":0,"17":0,"18":0,"19":0,"20":0,"21":0,"22":0,"23":0,"24":0,"25":1},"f":{"0":0,"1":0},"b":{"0":[0,0],"1":[0,0],"2":[0,0],"3":[0,0]},"_coverageSchema":"43e27e138ebf9cfc5966b082cf9a028302ed4184","hash":"3b936d808434b5d9710adad9ca2a1a19108b0814"}
,"C:\\Users\\Oreoluwa\\Documents\\GitHub\\Meal_App\\server\\routes\\meals.js": {"path":"C:\\Users\\Oreoluwa\\Documents\\GitHub\\Meal_App\\server\\routes\\meals.js","statementMap":{"0":{"start":{"line":1,"column":15},"end":{"line":1,"column":46}},"1":{"start":{"line":2,"column":14},"end":{"line":2,"column":44}},"2":{"start":{"line":3,"column":25},"end":{"line":3,"column":50}},"3":{"start":{"line":4,"column":16},"end":{"line":4,"column":34}},"4":{"start":{"line":5,"column":15},"end":{"line":5,"column":31}},"5":{"start":{"line":11,"column":0},"end":{"line":20,"column":3}},"6":{"start":{"line":12,"column":4},"end":{"line":18,"column":5}},"7":{"start":{"line":13,"column":25},"end":{"line":13,"column":42}},"8":{"start":{"line":14,"column":8},"end":{"line":14,"column":27}},"9":{"start":{"line":17,"column":7},"end":{"line":17,"column":16}},"10":{"start":{"line":23,"column":0},"end":{"line":39,"column":3}},"11":{"start":{"line":24,"column":22},"end":{"line":24,"column":40}},"12":{"start":{"line":25,"column":4},"end":{"line":25,"column":69}},"13":{"start":{"line":25,"column":15},"end":{"line":25,"column":69}},"14":{"start":{"line":27,"column":4},"end":{"line":37,"column":5}},"15":{"start":{"line":28,"column":22},"end":{"line":31,"column":10}},"16":{"start":{"line":33,"column":8},"end":{"line":33,"column":39}},"17":{"start":{"line":34,"column":8},"end":{"line":34,"column":26}},"18":{"start":{"line":36,"column":8},"end":{"line":36,"column":17}},"19":{"start":{"line":42,"column":0},"end":{"line":55,"column":3}},"20":{"start":{"line":44,"column":22},"end":{"line":44,"column":40}},"21":{"start":{"line":45,"column":4},"end":{"line":45,"column":69}},"22":{"start":{"line":45,"column":15},"end":{"line":45,"column":69}},"23":{"start":{"line":47,"column":4},"end":{"line":53,"column":5}},"24":{"start":{"line":48,"column":21},"end":{"line":48,"column":124}},"25":{"start":{"line":49,"column":8},"end":{"line":49,"column":91}},"26":{"start":{"line":49,"column":19},"end":{"line":49,"column":91}},"27":{"start":{"line":50,"column":8},"end":{"line":50,"column":25}},"28":{"start":{"line":52,"column":8},"end":{"line":52,"column":17}},"29":{"start":{"line":58,"column":0},"end":{"line":69,"column":3}},"30":{"start":{"line":60,"column":4},"end":{"line":67,"column":5}},"31":{"start":{"line":61,"column":21},"end":{"line":61,"column":64}},"32":{"start":{"line":62,"column":8},"end":{"line":62,"column":91}},"33":{"start":{"line":62,"column":19},"end":{"line":62,"column":91}},"34":{"start":{"line":64,"column":9},"end":{"line":64,"column":24}},"35":{"start":{"line":66,"column":8},"end":{"line":66,"column":17}},"36":{"start":{"line":72,"column":0},"end":{"line":83,"column":3}},"37":{"start":{"line":74,"column":4},"end":{"line":81,"column":5}},"38":{"start":{"line":75,"column":21},"end":{"line":75,"column":55}},"39":{"start":{"line":76,"column":8},"end":{"line":76,"column":91}},"40":{"start":{"line":76,"column":19},"end":{"line":76,"column":91}},"41":{"start":{"line":78,"column":8},"end":{"line":78,"column":23}},"42":{"start":{"line":80,"column":8},"end":{"line":80,"column":17}},"43":{"start":{"line":85,"column":0},"end":{"line":85,"column":24}}},"fnMap":{"0":{"name":"(anonymous_0)","decl":{"start":{"line":11,"column":16},"end":{"line":11,"column":17}},"loc":{"start":{"line":11,"column":42},"end":{"line":20,"column":1}},"line":11},"1":{"name":"(anonymous_1)","decl":{"start":{"line":23,"column":34},"end":{"line":23,"column":35}},"loc":{"start":{"line":23,"column":60},"end":{"line":39,"column":1}},"line":23},"2":{"name":"(anonymous_2)","decl":{"start":{"line":42,"column":36},"end":{"line":42,"column":37}},"loc":{"start":{"line":42,"column":62},"end":{"line":55,"column":1}},"line":42},"3":{"name":"(anonymous_3)","decl":{"start":{"line":58,"column":39},"end":{"line":58,"column":40}},"loc":{"start":{"line":58,"column":65},"end":{"line":69,"column":1}},"line":58},"4":{"name":"(anonymous_4)","decl":{"start":{"line":72,"column":19},"end":{"line":72,"column":20}},"loc":{"start":{"line":72,"column":45},"end":{"line":83,"column":1}},"line":72}},"branchMap":{"0":{"loc":{"start":{"line":25,"column":4},"end":{"line":25,"column":69}},"type":"if","locations":[{"start":{"line":25,"column":4},"end":{"line":25,"column":69}},{"start":{"line":25,"column":4},"end":{"line":25,"column":69}}],"line":25},"1":{"loc":{"start":{"line":45,"column":4},"end":{"line":45,"column":69}},"type":"if","locations":[{"start":{"line":45,"column":4},"end":{"line":45,"column":69}},{"start":{"line":45,"column":4},"end":{"line":45,"column":69}}],"line":45},"2":{"loc":{"start":{"line":49,"column":8},"end":{"line":49,"column":91}},"type":"if","locations":[{"start":{"line":49,"column":8},"end":{"line":49,"column":91}},{"start":{"line":49,"column":8},"end":{"line":49,"column":91}}],"line":49},"3":{"loc":{"start":{"line":62,"column":8},"end":{"line":62,"column":91}},"type":"if","locations":[{"start":{"line":62,"column":8},"end":{"line":62,"column":91}},{"start":{"line":62,"column":8},"end":{"line":62,"column":91}}],"line":62},"4":{"loc":{"start":{"line":76,"column":8},"end":{"line":76,"column":91}},"type":"if","locations":[{"start":{"line":76,"column":8},"end":{"line":76,"column":91}},{"start":{"line":76,"column":8},"end":{"line":76,"column":91}}],"line":76}},"s":{"0":1,"1":1,"2":1,"3":1,"4":1,"5":1,"6":1,"7":1,"8":1,"9":0,"10":1,"11":0,"12":0,"13":0,"14":0,"15":0,"16":0,"17":0,"18":0,"19":1,"20":0,"21":0,"22":0,"23":0,"24":0,"25":0,"26":0,"27":0,"28":0,"29":1,"30":0,"31":0,"32":0,"33":0,"34":0,"35":0,"36":1,"37":1,"38":1,"39":1,"40":0,"41":1,"42":0,"43":1},"f":{"0":1,"1":0,"2":0,"3":0,"4":1},"b":{"0":[0,0],"1":[0,0],"2":[0,0],"3":[0,0],"4":[0,1]},"_coverageSchema":"43e27e138ebf9cfc5966b082cf9a028302ed4184","hash":"277af1b4273f9112da30f179ba9a7280a79daaef"}
,"C:\\Users\\Oreoluwa\\Documents\\GitHub\\Meal_App\\server\\routes\\menu.js": {"path":"C:\\Users\\Oreoluwa\\Documents\\GitHub\\Meal_App\\server\\routes\\menu.js","statementMap":{"0":{"start":{"line":1,"column":14},"end":{"line":1,"column":44}},"1":{"start":{"line":2,"column":15},"end":{"line":2,"column":46}},"2":{"start":{"line":3,"column":16},"end":{"line":3,"column":34}},"3":{"start":{"line":4,"column":15},"end":{"line":4,"column":31}},"4":{"start":{"line":5,"column":15},"end":{"line":5,"column":43}},"5":{"start":{"line":6,"column":16},"end":{"line":6,"column":41}},"6":{"start":{"line":12,"column":0},"end":{"line":20,"column":3}},"7":{"start":{"line":13,"column":4},"end":{"line":18,"column":5}},"8":{"start":{"line":14,"column":24},"end":{"line":14,"column":41}},"9":{"start":{"line":15,"column":8},"end":{"line":15,"column":26}},"10":{"start":{"line":17,"column":8},"end":{"line":17,"column":17}},"11":{"start":{"line":24,"column":0},"end":{"line":38,"column":4}},"12":{"start":{"line":26,"column":4},"end":{"line":37,"column":5}},"13":{"start":{"line":27,"column":21},"end":{"line":27,"column":55}},"14":{"start":{"line":28,"column":8},"end":{"line":28,"column":91}},"15":{"start":{"line":28,"column":19},"end":{"line":28,"column":91}},"16":{"start":{"line":30,"column":23},"end":{"line":32,"column":6}},"17":{"start":{"line":33,"column":8},"end":{"line":33,"column":39}},"18":{"start":{"line":34,"column":9},"end":{"line":34,"column":27}},"19":{"start":{"line":36,"column":8},"end":{"line":36,"column":17}},"20":{"start":{"line":41,"column":0},"end":{"line":41,"column":24}}},"fnMap":{"0":{"name":"(anonymous_0)","decl":{"start":{"line":12,"column":24},"end":{"line":12,"column":25}},"loc":{"start":{"line":12,"column":50},"end":{"line":20,"column":1}},"line":12},"1":{"name":"(anonymous_1)","decl":{"start":{"line":24,"column":37},"end":{"line":24,"column":38}},"loc":{"start":{"line":24,"column":63},"end":{"line":38,"column":2}},"line":24}},"branchMap":{"0":{"loc":{"start":{"line":28,"column":8},"end":{"line":28,"column":91}},"type":"if","locations":[{"start":{"line":28,"column":8},"end":{"line":28,"column":91}},{"start":{"line":28,"column":8},"end":{"line":28,"column":91}}],"line":28}},"s":{"0":1,"1":1,"2":1,"3":1,"4":1,"5":1,"6":1,"7":0,"8":0,"9":0,"10":0,"11":1,"12":0,"13":0,"14":0,"15":0,"16":0,"17":0,"18":0,"19":0,"20":1},"f":{"0":0,"1":0},"b":{"0":[0,0]},"_coverageSchema":"43e27e138ebf9cfc5966b082cf9a028302ed4184","hash":"41d1c99d00a6c0baeac6d5d5e9d8ea24ff058e2c"}
,"C:\\Users\\Oreoluwa\\Documents\\GitHub\\Meal_App\\server\\routes\\orders.js": {"path":"C:\\Users\\Oreoluwa\\Documents\\GitHub\\Meal_App\\server\\routes\\orders.js","statementMap":{"0":{"start":{"line":1,"column":0},"end":{"line":1,"column":27}},"1":{"start":{"line":2,"column":12},"end":{"line":2,"column":35}},"2":{"start":{"line":3,"column":10},"end":{"line":3,"column":27}},"3":{"start":{"line":4,"column":15},"end":{"line":4,"column":46}},"4":{"start":{"line":5,"column":14},"end":{"line":5,"column":44}},"5":{"start":{"line":6,"column":16},"end":{"line":6,"column":34}},"6":{"start":{"line":7,"column":15},"end":{"line":7,"column":31}},"7":{"start":{"line":8,"column":16},"end":{"line":8,"column":45}},"8":{"start":{"line":9,"column":16},"end":{"line":9,"column":44}},"9":{"start":{"line":10,"column":16},"end":{"line":10,"column":41}},"10":{"start":{"line":13,"column":0},"end":{"line":21,"column":3}},"11":{"start":{"line":15,"column":4},"end":{"line":20,"column":5}},"12":{"start":{"line":16,"column":26},"end":{"line":16,"column":44}},"13":{"start":{"line":17,"column":8},"end":{"line":17,"column":28}},"14":{"start":{"line":19,"column":8},"end":{"line":19,"column":17}},"15":{"start":{"line":23,"column":0},"end":{"line":49,"column":3}},"16":{"start":{"line":25,"column":23},"end":{"line":25,"column":33}},"17":{"start":{"line":27,"column":23},"end":{"line":27,"column":57}},"18":{"start":{"line":28,"column":5},"end":{"line":28,"column":106}},"19":{"start":{"line":28,"column":22},"end":{"line":28,"column":106}},"20":{"start":{"line":31,"column":18},"end":{"line":31,"column":44}},"21":{"start":{"line":32,"column":20},"end":{"line":32,"column":61}},"22":{"start":{"line":35,"column":26},"end":{"line":35,"column":58}},"23":{"start":{"line":37,"column":20},"end":{"line":44,"column":2}},"24":{"start":{"line":46,"column":5},"end":{"line":46,"column":35}},"25":{"start":{"line":47,"column":5},"end":{"line":47,"column":38}},"26":{"start":{"line":48,"column":5},"end":{"line":48,"column":22}},"27":{"start":{"line":52,"column":1},"end":{"line":73,"column":3}},"28":{"start":{"line":53,"column":4},"end":{"line":71,"column":9}},"29":{"start":{"line":54,"column":25},"end":{"line":54,"column":122}},"30":{"start":{"line":55,"column":8},"end":{"line":55,"column":96}},"31":{"start":{"line":55,"column":23},"end":{"line":55,"column":96}},"32":{"start":{"line":58,"column":25},"end":{"line":58,"column":42}},"33":{"start":{"line":59,"column":26},"end":{"line":59,"column":91}},"34":{"start":{"line":59,"column":52},"end":{"line":59,"column":90}},"35":{"start":{"line":60,"column":28},"end":{"line":60,"column":49}},"36":{"start":{"line":61,"column":29},"end":{"line":61,"column":57}},"37":{"start":{"line":62,"column":32},"end":{"line":62,"column":90}},"38":{"start":{"line":64,"column":8},"end":{"line":64,"column":30}},"39":{"start":{"line":65,"column":8},"end":{"line":65,"column":37}},"40":{"start":{"line":67,"column":8},"end":{"line":67,"column":25}},"41":{"start":{"line":70,"column":12},"end":{"line":70,"column":21}},"42":{"start":{"line":76,"column":0},"end":{"line":76,"column":24}}},"fnMap":{"0":{"name":"(anonymous_0)","decl":{"start":{"line":13,"column":33},"end":{"line":13,"column":34}},"loc":{"start":{"line":13,"column":59},"end":{"line":21,"column":1}},"line":13},"1":{"name":"(anonymous_1)","decl":{"start":{"line":23,"column":28},"end":{"line":23,"column":29}},"loc":{"start":{"line":23,"column":48},"end":{"line":49,"column":1}},"line":23},"2":{"name":"(anonymous_2)","decl":{"start":{"line":52,"column":28},"end":{"line":52,"column":29}},"loc":{"start":{"line":52,"column":54},"end":{"line":73,"column":1}},"line":52},"3":{"name":"(anonymous_3)","decl":{"start":{"line":59,"column":42},"end":{"line":59,"column":43}},"loc":{"start":{"line":59,"column":52},"end":{"line":59,"column":90}},"line":59}},"branchMap":{"0":{"loc":{"start":{"line":28,"column":5},"end":{"line":28,"column":106}},"type":"if","locations":[{"start":{"line":28,"column":5},"end":{"line":28,"column":106}},{"start":{"line":28,"column":5},"end":{"line":28,"column":106}}],"line":28},"1":{"loc":{"start":{"line":55,"column":8},"end":{"line":55,"column":96}},"type":"if","locations":[{"start":{"line":55,"column":8},"end":{"line":55,"column":96}},{"start":{"line":55,"column":8},"end":{"line":55,"column":96}}],"line":55}},"s":{"0":1,"1":1,"2":1,"3":1,"4":1,"5":1,"6":1,"7":1,"8":1,"9":1,"10":1,"11":0,"12":0,"13":0,"14":0,"15":1,"16":0,"17":0,"18":0,"19":0,"20":0,"21":0,"22":0,"23":0,"24":0,"25":0,"26":0,"27":1,"28":0,"29":0,"30":0,"31":0,"32":0,"33":0,"34":0,"35":0,"36":0,"37":0,"38":0,"39":0,"40":0,"41":0,"42":1},"f":{"0":0,"1":0,"2":0,"3":0},"b":{"0":[0,0],"1":[0,0]},"_coverageSchema":"43e27e138ebf9cfc5966b082cf9a028302ed4184","hash":"e4620f3fb4aa30712c3f01b9d16c827c79cd03c6"}
,"C:\\Users\\Oreoluwa\\Documents\\GitHub\\Meal_App\\server\\routes\\users.js": {"path":"C:\\Users\\Oreoluwa\\Documents\\GitHub\\Meal_App\\server\\routes\\users.js","statementMap":{"0":{"start":{"line":1,"column":15},"end":{"line":1,"column":46}},"1":{"start":{"line":2,"column":10},"end":{"line":2,"column":27}},"2":{"start":{"line":3,"column":15},"end":{"line":3,"column":32}},"3":{"start":{"line":4,"column":16},"end":{"line":4,"column":34}},"4":{"start":{"line":5,"column":15},"end":{"line":5,"column":31}},"5":{"start":{"line":6,"column":25},"end":{"line":6,"column":50}},"6":{"start":{"line":12,"column":1},"end":{"line":20,"column":3}},"7":{"start":{"line":13,"column":3},"end":{"line":18,"column":4}},"8":{"start":{"line":14,"column":17},"end":{"line":14,"column":70}},"9":{"start":{"line":15,"column":4},"end":{"line":15,"column":19}},"10":{"start":{"line":17,"column":5},"end":{"line":17,"column":14}},"11":{"start":{"line":24,"column":0},"end":{"line":43,"column":3}},"12":{"start":{"line":26,"column":20},"end":{"line":26,"column":38}},"13":{"start":{"line":27,"column":2},"end":{"line":27,"column":67}},"14":{"start":{"line":27,"column":13},"end":{"line":27,"column":67}},"15":{"start":{"line":29,"column":2},"end":{"line":42,"column":3}},"16":{"start":{"line":30,"column":17},"end":{"line":30,"column":62}},"17":{"start":{"line":31,"column":4},"end":{"line":31,"column":69}},"18":{"start":{"line":31,"column":14},"end":{"line":31,"column":69}},"19":{"start":{"line":33,"column":4},"end":{"line":33,"column":84}},"20":{"start":{"line":34,"column":17},"end":{"line":34,"column":41}},"21":{"start":{"line":35,"column":4},"end":{"line":35,"column":59}},"22":{"start":{"line":36,"column":6},"end":{"line":36,"column":24}},"23":{"start":{"line":38,"column":20},"end":{"line":38,"column":51}},"24":{"start":{"line":39,"column":6},"end":{"line":39,"column":100}},"25":{"start":{"line":41,"column":4},"end":{"line":41,"column":13}},"26":{"start":{"line":45,"column":0},"end":{"line":45,"column":24}}},"fnMap":{"0":{"name":"(anonymous_0)","decl":{"start":{"line":12,"column":27},"end":{"line":12,"column":28}},"loc":{"start":{"line":12,"column":53},"end":{"line":20,"column":1}},"line":12},"1":{"name":"(anonymous_1)","decl":{"start":{"line":24,"column":17},"end":{"line":24,"column":18}},"loc":{"start":{"line":24,"column":43},"end":{"line":43,"column":1}},"line":24}},"branchMap":{"0":{"loc":{"start":{"line":27,"column":2},"end":{"line":27,"column":67}},"type":"if","locations":[{"start":{"line":27,"column":2},"end":{"line":27,"column":67}},{"start":{"line":27,"column":2},"end":{"line":27,"column":67}}],"line":27},"1":{"loc":{"start":{"line":31,"column":4},"end":{"line":31,"column":69}},"type":"if","locations":[{"start":{"line":31,"column":4},"end":{"line":31,"column":69}},{"start":{"line":31,"column":4},"end":{"line":31,"column":69}}],"line":31}},"s":{"0":1,"1":1,"2":1,"3":1,"4":1,"5":1,"6":1,"7":0,"8":0,"9":0,"10":0,"11":1,"12":0,"13":0,"14":0,"15":0,"16":0,"17":0,"18":0,"19":0,"20":0,"21":0,"22":0,"23":0,"24":0,"25":0,"26":1},"f":{"0":0,"1":0},"b":{"0":[0,0],"1":[0,0]},"_coverageSchema":"43e27e138ebf9cfc5966b082cf9a028302ed4184","hash":"cdc47d7e1bb3a9c6de300969e42a872cf7d1554c"}
,"C:\\Users\\Oreoluwa\\Documents\\GitHub\\Meal_App\\server\\startup\\checkforSecret.js": {"path":"C:\\Users\\Oreoluwa\\Documents\\GitHub\\Meal_App\\server\\startup\\checkforSecret.js","statementMap":{"0":{"start":{"line":1,"column":0},"end":{"line":1,"column":27}},"1":{"start":{"line":3,"column":0},"end":{"line":15,"column":2}},"2":{"start":{"line":6,"column":1},"end":{"line":13,"column":2}},"3":{"start":{"line":8,"column":4},"end":{"line":8,"column":53}},"4":{"start":{"line":12,"column":5},"end":{"line":12,"column":49}}},"fnMap":{"0":{"name":"(anonymous_0)","decl":{"start":{"line":3,"column":17},"end":{"line":3,"column":18}},"loc":{"start":{"line":3,"column":28},"end":{"line":15,"column":1}},"line":3}},"branchMap":{"0":{"loc":{"start":{"line":6,"column":1},"end":{"line":13,"column":2}},"type":"if","locations":[{"start":{"line":6,"column":1},"end":{"line":13,"column":2}},{"start":{"line":6,"column":1},"end":{"line":13,"column":2}}],"line":6}},"s":{"0":1,"1":1,"2":1,"3":0,"4":1},"f":{"0":1},"b":{"0":[0,1]},"_coverageSchema":"43e27e138ebf9cfc5966b082cf9a028302ed4184","hash":"daf1b734325ef6f3426ded97440952f8edfa6e02"}
,"C:\\Users\\Oreoluwa\\Documents\\GitHub\\Meal_App\\server\\startup\\db.js": {"path":"C:\\Users\\Oreoluwa\\Documents\\GitHub\\Meal_App\\server\\startup\\db.js","statementMap":{"0":{"start":{"line":1,"column":17},"end":{"line":1,"column":36}},"1":{"start":{"line":2,"column":15},"end":{"line":2,"column":32}},"2":{"start":{"line":4,"column":0},"end":{"line":12,"column":2}},"3":{"start":{"line":7,"column":15},"end":{"line":7,"column":31}},"4":{"start":{"line":8,"column":4},"end":{"line":8,"column":40}},"5":{"start":{"line":9,"column":4},"end":{"line":10,"column":51}},"6":{"start":{"line":10,"column":15},"end":{"line":10,"column":49}}},"fnMap":{"0":{"name":"(anonymous_0)","decl":{"start":{"line":4,"column":17},"end":{"line":4,"column":18}},"loc":{"start":{"line":4,"column":28},"end":{"line":12,"column":1}},"line":4},"1":{"name":"(anonymous_1)","decl":{"start":{"line":10,"column":10},"end":{"line":10,"column":11}},"loc":{"start":{"line":10,"column":15},"end":{"line":10,"column":49}},"line":10}},"branchMap":{},"s":{"0":1,"1":1,"2":1,"3":1,"4":1,"5":1,"6":1},"f":{"0":1,"1":1},"b":{},"_coverageSchema":"43e27e138ebf9cfc5966b082cf9a028302ed4184","hash":"acde0e9f19b84503333c02e1969f306acd92c984"}
,"C:\\Users\\Oreoluwa\\Documents\\GitHub\\Meal_App\\server\\startup\\handlerrors.js": {"path":"C:\\Users\\Oreoluwa\\Documents\\GitHub\\Meal_App\\server\\startup\\handlerrors.js","statementMap":{"0":{"start":{"line":1,"column":0},"end":{"line":11,"column":2}},"1":{"start":{"line":3,"column":4},"end":{"line":5,"column":7}},"2":{"start":{"line":4,"column":4},"end":{"line":4,"column":50}},"3":{"start":{"line":7,"column":4},"end":{"line":9,"column":7}},"4":{"start":{"line":8,"column":4},"end":{"line":8,"column":59}}},"fnMap":{"0":{"name":"(anonymous_0)","decl":{"start":{"line":1,"column":17},"end":{"line":1,"column":18}},"loc":{"start":{"line":1,"column":28},"end":{"line":11,"column":1}},"line":1},"1":{"name":"(anonymous_1)","decl":{"start":{"line":3,"column":37},"end":{"line":3,"column":38}},"loc":{"start":{"line":3,"column":45},"end":{"line":5,"column":5}},"line":3},"2":{"name":"(anonymous_2)","decl":{"start":{"line":7,"column":37},"end":{"line":7,"column":38}},"loc":{"start":{"line":7,"column":45},"end":{"line":9,"column":5}},"line":7}},"branchMap":{},"s":{"0":1,"1":0,"2":0,"3":0,"4":0},"f":{"0":0,"1":0,"2":0},"b":{},"_coverageSchema":"43e27e138ebf9cfc5966b082cf9a028302ed4184","hash":"8fea5a6ea785ca5aa960204f23b832334ca127ed"}
,"C:\\Users\\Oreoluwa\\Documents\\GitHub\\Meal_App\\server\\startup\\startroutes.js": {"path":"C:\\Users\\Oreoluwa\\Documents\\GitHub\\Meal_App\\server\\startup\\startroutes.js","statementMap":{"0":{"start":{"line":1,"column":16},"end":{"line":1,"column":34}},"1":{"start":{"line":2,"column":13},"end":{"line":2,"column":38}},"2":{"start":{"line":3,"column":14},"end":{"line":3,"column":40}},"3":{"start":{"line":4,"column":13},"end":{"line":4,"column":38}},"4":{"start":{"line":5,"column":15},"end":{"line":5,"column":42}},"5":{"start":{"line":6,"column":14},"end":{"line":6,"column":40}},"6":{"start":{"line":7,"column":14},"end":{"line":7,"column":44}},"7":{"start":{"line":10,"column":0},"end":{"line":21,"column":2}},"8":{"start":{"line":12,"column":4},"end":{"line":12,"column":28}},"9":{"start":{"line":13,"column":4},"end":{"line":13,"column":38}},"10":{"start":{"line":14,"column":4},"end":{"line":14,"column":31}},"11":{"start":{"line":15,"column":4},"end":{"line":15,"column":33}},"12":{"start":{"line":16,"column":4},"end":{"line":16,"column":31}},"13":{"start":{"line":17,"column":4},"end":{"line":17,"column":35}},"14":{"start":{"line":18,"column":4},"end":{"line":18,"column":33}},"15":{"start":{"line":19,"column":4},"end":{"line":19,"column":19}}},"fnMap":{"0":{"name":"(anonymous_0)","decl":{"start":{"line":10,"column":17},"end":{"line":10,"column":18}},"loc":{"start":{"line":10,"column":31},"end":{"line":21,"column":1}},"line":10}},"branchMap":{},"s":{"0":1,"1":1,"2":1,"3":1,"4":1,"5":1,"6":1,"7":1,"8":1,"9":1,"10":1,"11":1,"12":1,"13":1,"14":1,"15":1},"f":{"0":1},"b":{},"_coverageSchema":"43e27e138ebf9cfc5966b082cf9a028302ed4184","hash":"c4e280fb67cbb49827105d1af43530aacb496248"}
}
